                 id                                       comment_text  toxic  severe_toxic  obscene  threat  insult  identity_hate
0  0000997932d777bf  Explanation\nWhy the edits made under my usern...      0             0        0       0       0              0
1  000103f0d9cfb60f  D'aww! He matches this background colour I'm s...      0             0        0       0       0              0
2  000113f07ec002fd  Hey man, I'm really not trying to edit war. It...      0             0        0       0       0              0
3  0001b41b1c6bb37e  "\nMore\nI can't make any real suggestions on ...      0             0        0       0       0              0
4  0001d958c54c6e35  You, sir, are my hero. Any chance you remember...      0             0        0       0       0              0
TOXIC SAMPLES:
Well you are ridiculous, in fact I suspect that you are Calton, please block me, I dont care....
******* END ***********
God is dead
I don't mean to startle anyone but God is dead. We should not worry about him anymore. Just thought I would let everyone know. Well, goodbye and good luck with your newfound crisis of faith! 24.77.205.229
******* END ***********
Have you seen the reference to their claim, you moron''?? This is not a source. It´s their POV. Once I have more time I will reduce your Pashtun nationalist POVs here on Wiki and give order to my uncles and cousins the execution of Pashtuns in the entire northern Afghanistan down to Gardez, Jalalabad, Lashkargah, Logar, Paghman, Laghman, Kunduz, Herat, Farah ... whereever immigrant descandants of violent Kuchis settled and took non-Pashtun lands away and traditional Tajik countries. 84.59.190.210
******* END ***********
Thank you 
Hei, it's me, the William Hope fan. Guess what - I am back at a new IP, ready to vandalize everything regarding William Hope, and you can't do sh-t to stop me, maybe delay me, but no stopping me. So lets salute to some more William Hope lunacy by shoving his p-nis in my mouth.
******* END ***********
Be careful who you call a moron.
******* END ***********
Add Mobile porn as additional WP:ALSO link
******* END ***********
I don't care what you say here. I don't believe one sentence anymore.
******* END ***********
I can tell you what the argument is about here newseventsguy. It's about YOUR retroactive reversion of a simple edit trying to include secondary independent verification of sedimentary nanodiamonds in Younger Dryas sediments by Bement and Madden et al., WITHOUT DISCUSSION a reference that I notice has NOT YET been included in the reference list still, after all this time. This is after you ADMIT that you are ignorant of the peer review literature and the controversy. Any attempt to do simple reference list edits on this page have been stomped by no less that five admittedly biased and ignorant editors. The honorable thing to do here would be to recuse yourself from editing the page, as I have. But I haven't seen that happening until now. Good luck with it, you've already made complete fools of yourselves.
******* END ***********
You are a know it all.....Jimbo! 

Why don't you get a life instead of sitting in front of your computer all day. The high priestess of knowledge, indeed!
******* END ***********
"

 Another crap article 
Parrots what promotion websites of capoeira schools say about myths of origin. And also that persecution thing. By the late 1800s, capoeira became a word for street brawling. Thus, authorities did not prohibit or sanction ""practice"" of capoeira. In banning capoeira they were banning outright street brawls! It's why Mestre Bimba presented his art as Luta Regional Baiana. No decent carioca would be eager to sympathise with capoeira and malandrismo. I could attempt to alter the article but it's become such a mess by now.   "
******* END ***********
SEVERE TOXIC SAMPLES:
I'm sorry that I must say this. I have never come across a more idiotic editor on Wikipedia. Congratulations on making it to the top of my list. I mean that in a congratulatory sense entirely; in no way is it meant to offend or sound sarcastic. I wouldn't call you an editor though. You're more of a pollutant to this project and one with extreme perversion of perception. Please reread the discussion at the talk page. Based on what you last posted there it is painfully obvious that you ignored, or did not comprehend, much of what I tried explaining to you multiple times at that talk page.
******* END ***********
"
Lecture someone else, Sarah. You are talking down. You're talking down a teacher talks to a disobedient child. Get off the pedestal and don't spout such bizarre lines as ""simply incapable of decency"". Adminship isn't a licence to talk to others with contempt. It's fucking insulting. 

I'd rather deal with an honest asshole (which I would really like to see around here) than a bunch of ass-kissing, arrogant snakes (which I see in spades). This project just goes to hell that little bit further every day; I wonder how long until the articles I've written are bastardised in the way all of these are?  talk "
******* END ***********
jd2718 the sock fiend 

now hes lying out his ass on the ani page but I can't comment. and no im not this m1rth person, im just me.
******* END ***********
Issues with Knox 

Knox run things like Gala Days, festivals etc. and you know what? Along Redleaf Ave and the Pacific Hwy, they illegally park. Now, I know a friend who lives on the Pcfc Hwy in Wahroonga, and the snobby bastards from Knox come along and completely block people's driveways. They can't get out! However, it's not illegal and the people of Wahroonga complain to Ku-ring-gai Council and what do they get? Nothing! It's ridiculous that bastards like that can get away with it. Somebody needs to add another section on this article talking about this issue, so that people who want to know more about the school and also people who attend the school can realise just how much arrogant and jerky they are!
******* END ***********
I just learned how to suck up to people. You're very good at it, FisherQueen. As for the grammer, it should be fairly obvious that they're typos, now pick out a mistake here, bitch!
******* END ***********
Yeah, this guys deleting potentially life saving information citing that the article 'doesn't look very pretty with real information', I call him a nerd and have a go at him for doing so, and I'm in the wrong. Nice to see your a human being mate. Remind me to steer clear of 'people' like you.124.176.226.45
******* END ***********
Ram it up ur ass very hard till ur eyes water
******* END ***********
"

Honestly, I don't even remember making those edits in the Orlando Jordan article. However, I was correct for editing out a statement that was not properly sourced. As far as my statement about Kanyon goes, it may have been incorrect, but it's really not a big deal. It's just a discussion page, not the article. Also, you didn't have to write to me in such a disrespectful tone. Finally, learn how to spell. You should have written, ""...you're at the right place to argue with me then,"" not ""your."" Put that in your pipe, and smoke it, asshole. "
******* END ***********
You might try to deflate your ego a bit and stop making blanket generalizations.  The IP I use is a proxy for a university of 20,000 people, plenty of other editors (yes, Macedonians too) who use it. Sometimes I just don't notice I was logged out. Does that satisfy your sensibilities? I haven't called anyone peasant or fuck off, that is your overactive imagination playing tricks on you again.    
 As for the statement, I am simply presenting the fact that it is much more informative and encyclopedic to say the 'Macedonian National Liberation Army' liberated the city, as they were the only 'communist partisans' operating in Macedonia at that time, which you could have realized yourself by reading the article on MNLA.
******* END ***********
Please stop. If you continue to ignore our policies by introducing inappropriate pages to Wikipedia, you will be blocked.
******* END ***********
IDENTITY HATE SAMPLES:
Black americans have a hive mind mentality and automatically switch political party preferences just like that.211.28.54.73
******* END ***********
Why is your wiener so small? 

It is because you are Asian?
******* END ***********
"

 Image caption - Homosexual? 

The second image of an infected persons back has a caption which reads:
""A 23-year-old homosexual man had an intensely pruritic, papulonodular eruption over his arms and back.""

How is the fact, that the man is homosexual, relevant? The sexual orientation does not change the course of the desease and I believe that the comment could enforce the stereotype, that homosexual people are all infected with STDs.
I think it should just say ""A 23-year-old man...""
88.217.49.147  "
******* END ***********
The facts: 
1. This is a blatant lie, as proven here. Your comment dates from . The last version containing non-religious reasons for conversion to islam, which was active around that time, , did not compare zakat to jizya anymore. 
2. You have complained with a fellow administrator in order to get me blocked. Because already several lies from your side have been proven beyond doubt, this does not surprise me at all.
3. People that reverted were mainly Irishpunktom and you, both known for their pro-islamic POV and regularly cooperating in edit warring (also regarding several other articles, such as Apostacy and dhimmi, for instance, in order to press pro-islamic POV. All this indicates a coordinated campaign in order to press Islamist viewpoints.
4. Prove it. The fact is, I have sources, you don't even try to source your POV OR and take resort to weasel wording instead. I will force you to source your statement in my next edit. 
5. Prove it. I added sources for every statement I  inserted, while you failed to do so.
 I conclude that it is in Wikipedia interest you to withdraw from administratorship.
 (Talk | Contribs 25px)
******* END ***********
Ossmann,are you  jew or your father was an SS officer?
******* END ***********
http://www.thirdworldtraveler.com/Blum/Greece_KH.html - America is pure evil
******* END ***********
If this guy isnt gay he is one SERIOUSLY GOOD actor!!!!! 

I've seen Hayes on Will & Grace and the way he acts so.....feminine he must be homosexual.No straight man can act so convincingly gay.But then again Sean acted pretty straight and normal in the movie where he played Jerry Lewis.My opinion is still in favour of him being gay though.
******* END ***********
Do you know the location of the laceration in a Jewish circ?
******* END ***********
You also want eternal hell???

‘chaitanya-mangala’ shune yadi pashandi, yavana seha maha-vaishnava haya tatakshana If even a great atheist hears Shri Chaitanya-mangala (previous name for Shri Chaitanya-bhagavata), he immediately becomes a great devotee.
Do not dare to do anything against Krishna consiousness or your complete atheism portal would go to eternal hell. This is warning...
******* END ***********
Can you think of a compelling reason... 

as to why murdering black people is wrong? 86.181.0.14
******* END ***********
