Proceeding with model label "insult"
Finished parsing file /Volumes/MEDIA&DEV/dev/ML_data/JigsawToxic/JigsawToxicity/JigsawToxicity/Data/train_pre.csv
Parsing completed. Parsed 100 lines in 0.736973 secs.
Read 122167 lines. Lines per second: 191533	
Finished parsing file /Volumes/MEDIA&DEV/dev/ML_data/JigsawToxic/JigsawToxicity/JigsawToxicity/Data/train_pre.csv
Parsing completed. Parsed 159571 lines in 0.786467 secs.
TRAINING TABLE

Columns:
    id	string
    comment_text	string
    toxic	integer
    severe_toxic	integer
    obscene	integer
    threat	integer
    insult	integer
    identity_hate	integer
    insult_label	string
Rows: ?
Data:
+----------------+----------------+----------------+----------------+----------------+
| id             | comment_text   | toxic          | severe_toxic   | obscene        |
+----------------+----------------+----------------+----------------+----------------+
| 0000997932d7...| Explanation ...| 0              | 0              | 0              |
| 000103f0d9cf...| D'aww! He ma...| 0              | 0              | 0              |
| 000113f07ec0...| Hey man, I'm...| 0              | 0              | 0              |
| 0001b41b1c6b...| " More I can...| 0              | 0              | 0              |
| 0001d958c54c...| You, sir, ar...| 0              | 0              | 0              |
| 00025465d472...| "  Congratul...| 0              | 0              | 0              |
| 0002bcb3da6c...| COCKSUCKER B...| 1              | 1              | 1              |
| 00031b1e95af...| Your vandali...| 0              | 0              | 0              |
| 0005300084f9...| " Fair use r...| 0              | 0              | 0              |
| 00054a5e18b5...| bbq   be a m...| 0              | 0              | 0              |
+----------------+----------------+----------------+----------------+----------------+
+----------------+----------------+----------------+----------------+
| threat         | insult         | identity_hate  | insult_label   |
+----------------+----------------+----------------+----------------+
| 0              | 0              | 0              | non-insult     |
| 0              | 0              | 0              | non-insult     |
| 0              | 0              | 0              | non-insult     |
| 0              | 0              | 0              | non-insult     |
| 0              | 0              | 0              | non-insult     |
| 0              | 0              | 0              | non-insult     |
| 0              | 1              | 0              | insult         |
| 0              | 0              | 0              | non-insult     |
| 0              | 0              | 0              | non-insult     |
| 0              | 0              | 0              | non-insult     |
+----------------+----------------+----------------+----------------+
? rows x 9 columns]

SIZE: (rows: 127715, columns: 9)
TEST TABLE

Columns:
    id	string
    comment_text	string
    toxic	integer
    severe_toxic	integer
    obscene	integer
    threat	integer
    insult	integer
    identity_hate	integer
    insult_label	string
Rows: ?
Data:
+----------------+----------------+----------------+----------------+----------------+
| id             | comment_text   | toxic          | severe_toxic   | obscene        |
+----------------+----------------+----------------+----------------+----------------+
| 00037261f536...| Sorry if the...| 0              | 0              | 0              |
| 00040093b268...| alignment on...| 0              | 0              | 0              |
| 00070ef96486...| Oh, and the ...| 0              | 0              | 0              |
| 0009801bd85e...| The Mitsurug...| 0              | 0              | 0              |
| 000cfee90f50...| "  Re-consid...| 0              | 0              | 0              |
| 00128363e367...| Not sure abo...| 0              | 0              | 0              |
| 001325b8b20e...| Praise   loo...| 0              | 0              | 0              |
| 00151a9f93c6...| "   ""Mainla...| 0              | 0              | 0              |
| 00169857adbc...| Hi Explicit,...| 0              | 0              | 0              |
| 001d8e7be417...| "  BI, you s...| 0              | 0              | 0              |
+----------------+----------------+----------------+----------------+----------------+
+----------------+----------------+----------------+----------------+
| threat         | insult         | identity_hate  | insult_label   |
+----------------+----------------+----------------+----------------+
| 0              | 0              | 0              | non-insult     |
| 0              | 0              | 0              | non-insult     |
| 0              | 0              | 0              | non-insult     |
| 0              | 0              | 0              | non-insult     |
| 0              | 0              | 0              | non-insult     |
| 0              | 0              | 0              | non-insult     |
| 0              | 0              | 0              | non-insult     |
| 0              | 0              | 0              | non-insult     |
| 0              | 0              | 0              | non-insult     |
| 0              | 0              | 0              | non-insult     |
+----------------+----------------+----------------+----------------+
? rows x 9 columns]

SIZE: (rows: 31856, columns: 9)
Finished parsing file /Volumes/MEDIA&DEV/dev/ML_data/JigsawToxic/JigsawToxicity/JigsawToxicity/Data/test_pre.csv
Parsing completed. Parsed 100 lines in 0.742839 secs.
Finished parsing file /Volumes/MEDIA&DEV/dev/ML_data/JigsawToxic/JigsawToxicity/JigsawToxicity/Data/test_pre.csv
Parsing completed. Parsed 153164 lines in 0.663503 secs.
Finished parsing file /Volumes/MEDIA&DEV/dev/ML_data/JigsawToxic/JigsawToxicity/JigsawToxicity/Data/test_labels.csv
Parsing completed. Parsed 100 lines in 0.106928 secs.
Finished parsing file /Volumes/MEDIA&DEV/dev/ML_data/JigsawToxic/JigsawToxicity/JigsawToxicity/Data/test_labels.csv
Parsing completed. Parsed 153164 lines in 0.084444 secs.
SCORING TABLE

Columns:
    insult	integer
    comment_text	string
    id	string
    insult_label	string
Rows: 63978
Data:
+----------------+----------------+----------------+----------------+
| insult         | comment_text   | id             | insult_label   |
+----------------+----------------+----------------+----------------+
| 0              | Thank you fo...| 0001ea8717f6...| non-insult     |
| 0              | :Dear god th...| 000247e83dcc...| non-insult     |
| 0              | "::: Somebod...| 0002f87b1611...| non-insult     |
| 0              | "    It says...| 0003e1cccfd5...| non-insult     |
| 0              | "    == Befo...| 00059ace3e3e...| non-insult     |
| 0              | this other o...| 000663aff0ff...| non-insult     |
| 0              | == Reason fo...| 000689dd34e2...| non-insult     |
| 0              | |blocked]] f...| 000844b52dee...| non-insult     |
| 0              | == Arabs are...| 00091c35fa9d...| non-insult     |
| 0              | Please stop....| 000968ce11f5...| non-insult     |
+----------------+----------------+----------------+----------------+
[63978 rows x 4 columns]

SIZE: (rows: 63978, columns: 4)
Automatically generating validation set from 5% of the data.
Tokenizing data and extracting features
10% complete
20% complete
30% complete
40% complete
50% complete
60% complete
70% complete
80% complete
90% complete
100% complete
Starting MaxEnt training with 121170 samples
Iteration 1 training accuracy 0.950293
Iteration 2 training accuracy 0.951415
Iteration 3 training accuracy 0.966378
Iteration 4 training accuracy 0.969580
Iteration 5 training accuracy 0.972749
Iteration 6 training accuracy 0.976009
Iteration 7 training accuracy 0.978798
Iteration 8 training accuracy 0.981893
Iteration 9 training accuracy 0.983560
Iteration 10 training accuracy 0.985524
Iteration 11 training accuracy 0.987984
Iteration 12 training accuracy 0.989601
Iteration 13 training accuracy 0.990856
Iteration 14 training accuracy 0.991813
Iteration 15 training accuracy 0.992770
Iteration 16 training accuracy 0.993464
Iteration 17 training accuracy 0.993885
Iteration 18 training accuracy 0.994372
Iteration 19 training accuracy 0.994644
Iteration 20 training accuracy 0.994924
Iteration 21 training accuracy 0.995189
Iteration 22 training accuracy 0.995296
Iteration 23 training accuracy 0.995436
Iteration 24 training accuracy 0.995552
Iteration 25 training accuracy 0.995725
Iteration 26 training accuracy 0.995799
Iteration 27 training accuracy 0.995808
Iteration 28 training accuracy 0.995940
Iteration 29 training accuracy 0.995956
Iteration 30 training accuracy 0.996014
Iteration 31 training accuracy 0.996162
Iteration 32 training accuracy 0.996261
Iteration 33 training accuracy 0.996352
Iteration 34 training accuracy 0.996435
Iteration 35 training accuracy 0.996476
Iteration 36 training accuracy 0.996534
Iteration 37 training accuracy 0.996567
Iteration 38 training accuracy 0.996575
Iteration 39 training accuracy 0.996583
Iteration 40 training accuracy 0.996592
Iteration 41 training accuracy 0.996616
Iteration 42 training accuracy 0.996633
Finished MaxEnt training in 42.97 seconds
Classifier for "insult":
TextClassifier

Parameters
Algorithm Type: MaxEnt Model
Language: Optional(__C.NLLanguage(_rawValue: en))

Performance on Training Data
Number of examples: 121170
Number of classes: 2
Accuracy: 99.66%

Performance on Validation Data
Number of examples: 6545
Number of classes: 2
Accuracy: 95.83%

SAVING MODEL insult TO ./Models/insultClassifier.mlmodel
Trained model successfully saved at /Volumes/MEDIA&DEV/dev/ML_data/JigsawToxic/JigsawToxicity/JigsawToxicity/Models/insultClassifier.mlmodel.

SAMPLE PREDICTIONS FOR insult

Columns:
    comment_text	string
    insult	string
Rows: 10
Data:
+----------------+----------------+
| comment_text   | insult         |
+----------------+----------------+
| Sorry if the...| non-insult     |
| alignment on...| non-insult     |
| Oh, and the ...| non-insult     |
| The Mitsurug...| non-insult     |
| "  Re-consid...| non-insult     |
| Not sure abo...| non-insult     |
| Praise   loo...| non-insult     |
| "   ""Mainla...| non-insult     |
| Hi Explicit,...| non-insult     |
| "  BI, you s...| non-insult     |
+----------------+----------------+
[10 rows x 2 columns]

SIZE: (rows: 10, columns: 2)
EVALUATION METRICS FOR insult:
----------------------------------
Number of examples: 31856
Number of classes: 2
Accuracy: 95.75%

******CONFUSION MATRIX******
----------------------------------
True\Pred  insult      non-insult  
insult     920         617         
non-insult 738         29581       

******PRECISION RECALL******
----------------------------------
Class      Precision(%)   Recall(%)      
insult     55.49          59.86          
non-insult 97.96          97.57          


./create_models: line 2:  7047 Killed: 9               swift main.swift $modelLabel

real	38m23.158s
user	36m41.691s
sys	1m55.695s
