["main.swift", "toxic"]
2
["toxic", "severe_toxic", "obscene", "threat", "insult", "identity_hate"]
toxic
Proceeding with model label "toxic"
Finished parsing file /Volumes/MEDIA&DEV/dev/ML_data/JigsawToxic/JigsawToxicity/JigsawToxicity/Data/train_pre.csv
Parsing completed. Parsed 100 lines in 0.272896 secs.
Read 122167 lines. Lines per second: 187010	
Finished parsing file /Volumes/MEDIA&DEV/dev/ML_data/JigsawToxic/JigsawToxicity/JigsawToxicity/Data/train_pre.csv
Parsing completed. Parsed 159571 lines in 0.809 secs.
TRAINING TABLE

Columns:
    id	string
    comment_text	string
    toxic	integer
    severe_toxic	integer
    obscene	integer
    threat	integer
    insult	integer
    identity_hate	integer
    toxic_label	string
Rows: ?
Data:
+----------------+----------------+----------------+----------------+----------------+
| id             | comment_text   | toxic          | severe_toxic   | obscene        |
+----------------+----------------+----------------+----------------+----------------+
| 0000997932d7...| Explanation ...| 0              | 0              | 0              |
| 000103f0d9cf...| D'aww! He ma...| 0              | 0              | 0              |
| 000113f07ec0...| Hey man, I'm...| 0              | 0              | 0              |
| 0001b41b1c6b...| " More I can...| 0              | 0              | 0              |
| 0001d958c54c...| You, sir, ar...| 0              | 0              | 0              |
| 00025465d472...| "  Congratul...| 0              | 0              | 0              |
| 0002bcb3da6c...| COCKSUCKER B...| 1              | 1              | 1              |
| 00031b1e95af...| Your vandali...| 0              | 0              | 0              |
| 0005300084f9...| " Fair use r...| 0              | 0              | 0              |
| 00054a5e18b5...| bbq   be a m...| 0              | 0              | 0              |
+----------------+----------------+----------------+----------------+----------------+
+----------------+----------------+----------------+----------------+
| threat         | insult         | identity_hate  | toxic_label    |
+----------------+----------------+----------------+----------------+
| 0              | 0              | 0              | non-toxic      |
| 0              | 0              | 0              | non-toxic      |
| 0              | 0              | 0              | non-toxic      |
| 0              | 0              | 0              | non-toxic      |
| 0              | 0              | 0              | non-toxic      |
| 0              | 0              | 0              | non-toxic      |
| 0              | 1              | 0              | toxic          |
| 0              | 0              | 0              | non-toxic      |
| 0              | 0              | 0              | non-toxic      |
| 0              | 0              | 0              | non-toxic      |
+----------------+----------------+----------------+----------------+
? rows x 9 columns]

SIZE: (rows: 127715, columns: 9)
TEST TABLE

Columns:
    id	string
    comment_text	string
    toxic	integer
    severe_toxic	integer
    obscene	integer
    threat	integer
    insult	integer
    identity_hate	integer
    toxic_label	string
Rows: ?
Data:
+----------------+----------------+----------------+----------------+----------------+
| id             | comment_text   | toxic          | severe_toxic   | obscene        |
+----------------+----------------+----------------+----------------+----------------+
| 00037261f536...| Sorry if the...| 0              | 0              | 0              |
| 00040093b268...| alignment on...| 0              | 0              | 0              |
| 00070ef96486...| Oh, and the ...| 0              | 0              | 0              |
| 0009801bd85e...| The Mitsurug...| 0              | 0              | 0              |
| 000cfee90f50...| "  Re-consid...| 0              | 0              | 0              |
| 00128363e367...| Not sure abo...| 0              | 0              | 0              |
| 001325b8b20e...| Praise   loo...| 0              | 0              | 0              |
| 00151a9f93c6...| "   ""Mainla...| 0              | 0              | 0              |
| 00169857adbc...| Hi Explicit,...| 0              | 0              | 0              |
| 001d8e7be417...| "  BI, you s...| 0              | 0              | 0              |
+----------------+----------------+----------------+----------------+----------------+
+----------------+----------------+----------------+----------------+
| threat         | insult         | identity_hate  | toxic_label    |
+----------------+----------------+----------------+----------------+
| 0              | 0              | 0              | non-toxic      |
| 0              | 0              | 0              | non-toxic      |
| 0              | 0              | 0              | non-toxic      |
| 0              | 0              | 0              | non-toxic      |
| 0              | 0              | 0              | non-toxic      |
| 0              | 0              | 0              | non-toxic      |
| 0              | 0              | 0              | non-toxic      |
| 0              | 0              | 0              | non-toxic      |
| 0              | 0              | 0              | non-toxic      |
| 0              | 0              | 0              | non-toxic      |
+----------------+----------------+----------------+----------------+
? rows x 9 columns]

SIZE: (rows: 31856, columns: 9)
Finished parsing file /Volumes/MEDIA&DEV/dev/ML_data/JigsawToxic/JigsawToxicity/JigsawToxicity/Data/test_pre.csv
Parsing completed. Parsed 100 lines in 0.277246 secs.
Finished parsing file /Volumes/MEDIA&DEV/dev/ML_data/JigsawToxic/JigsawToxicity/JigsawToxicity/Data/test_pre.csv
Parsing completed. Parsed 153164 lines in 0.712662 secs.
Finished parsing file /Volumes/MEDIA&DEV/dev/ML_data/JigsawToxic/JigsawToxicity/JigsawToxicity/Data/test_labels.csv
Parsing completed. Parsed 100 lines in 0.067363 secs.
Finished parsing file /Volumes/MEDIA&DEV/dev/ML_data/JigsawToxic/JigsawToxicity/JigsawToxicity/Data/test_labels.csv
Parsing completed. Parsed 153164 lines in 0.086194 secs.
SCORING TABLE

Columns:
    toxic	integer
    id	string
    comment_text	string
    toxic_label	string
Rows: 63978
Data:
+----------------+----------------+----------------+----------------+
| toxic          | id             | comment_text   | toxic_label    |
+----------------+----------------+----------------+----------------+
| 0              | 0001ea8717f6...| Thank you fo...| non-toxic      |
| 0              | 000247e83dcc...| :Dear god th...| non-toxic      |
| 0              | 0002f87b1611...| "::: Somebod...| non-toxic      |
| 0              | 0003e1cccfd5...| "    It says...| non-toxic      |
| 0              | 00059ace3e3e...| "    == Befo...| non-toxic      |
| 0              | 000663aff0ff...| this other o...| non-toxic      |
| 0              | 000689dd34e2...| == Reason fo...| non-toxic      |
| 0              | 000844b52dee...| |blocked]] f...| non-toxic      |
| 1              | 00091c35fa9d...| == Arabs are...| toxic          |
| 0              | 000968ce11f5...| Please stop....| non-toxic      |
+----------------+----------------+----------------+----------------+
[63978 rows x 4 columns]

SIZE: (rows: 63978, columns: 4)
Automatically generating validation set from 5% of the data.
Tokenizing data and extracting features
10% complete
20% complete
30% complete
40% complete
50% complete
60% complete
70% complete
80% complete
90% complete
100% complete
Starting MaxEnt training with 121170 samples
Iteration 1 training accuracy 0.904143
Iteration 2 training accuracy 0.909672
Iteration 3 training accuracy 0.941735
Iteration 4 training accuracy 0.952719
Iteration 5 training accuracy 0.960535
Iteration 6 training accuracy 0.967665
Iteration 7 training accuracy 0.974730
Iteration 8 training accuracy 0.979797
Iteration 9 training accuracy 0.982388
Iteration 10 training accuracy 0.985219
Iteration 11 training accuracy 0.987811
Iteration 12 training accuracy 0.990171
Iteration 13 training accuracy 0.991640
Iteration 14 training accuracy 0.992845
Iteration 15 training accuracy 0.993480
Iteration 16 training accuracy 0.993984
Iteration 17 training accuracy 0.994586
Iteration 18 training accuracy 0.994966
Iteration 19 training accuracy 0.995403
Iteration 20 training accuracy 0.995775
Iteration 21 training accuracy 0.996121
Iteration 22 training accuracy 0.996311
Iteration 23 training accuracy 0.996360
Iteration 24 training accuracy 0.996435
Iteration 25 training accuracy 0.996526
Iteration 26 training accuracy 0.996641
Iteration 27 training accuracy 0.996806
Iteration 28 training accuracy 0.996872
Iteration 29 training accuracy 0.997012
Iteration 30 training accuracy 0.997062
Iteration 31 training accuracy 0.997111
Iteration 32 training accuracy 0.997161
Iteration 33 training accuracy 0.997260
Iteration 34 training accuracy 0.997351
Iteration 35 training accuracy 0.997392
Iteration 36 training accuracy 0.997425
Iteration 37 training accuracy 0.997433
Iteration 38 training accuracy 0.997475
Iteration 39 training accuracy 0.997483
Iteration 40 training accuracy 0.997516
Iteration 41 training accuracy 0.997524
Iteration 42 training accuracy 0.997549
Iteration 43 training accuracy 0.997565
Iteration 44 training accuracy 0.997598
Iteration 45 training accuracy 0.997615
Finished MaxEnt training in 48.01 seconds
Classifier for "toxic":
TextClassifier

Parameters
Algorithm Type: MaxEnt Model
Language: Optional(__C.NLLanguage(_rawValue: en))

Performance on Training Data
Number of examples: 121170
Number of classes: 2
Accuracy: 99.76%

Performance on Validation Data
Number of examples: 6545
Number of classes: 2
Accuracy: 94.44%

SAVING MODEL toxic TO ./Models/toxicClassifier.mlmodel
Trained model successfully saved at /Volumes/MEDIA&DEV/dev/ML_data/JigsawToxic/JigsawToxicity/JigsawToxicity/Models/toxicClassifier.mlmodel.

SAMPLE PREDICTIONS FOR toxic

Columns:
    comment_text	string
    toxic	string
Rows: 10
Data:
+----------------+----------------+
| comment_text   | toxic          |
+----------------+----------------+
| Sorry if the...| non-toxic      |
| alignment on...| non-toxic      |
| Oh, and the ...| non-toxic      |
| The Mitsurug...| non-toxic      |
| "  Re-consid...| non-toxic      |
| Not sure abo...| non-toxic      |
| Praise   loo...| non-toxic      |
| "   ""Mainla...| non-toxic      |
| Hi Explicit,...| non-toxic      |
| "  BI, you s...| non-toxic      |
+----------------+----------------+
[10 rows x 2 columns]

SIZE: (rows: 10, columns: 2)
EVALUATION METRICS FOR toxic:
----------------------------------
Number of examples: 31856
Number of classes: 2
Accuracy: 94.58%

******CONFUSION MATRIX******
----------------------------------
True\Pred non-toxic  toxic      
non-toxic 27889      892        
toxic     834        2241       

******PRECISION RECALL******
----------------------------------
Class     Precision(%)   Recall(%)      
non-toxic 97.10          96.90          
toxic     71.53          72.88          


./create_models: line 2:  2630 Killed: 9               swift main.swift $modelLabel

real	39m29.661s
user	37m16.341s
sys	2m12.861s
